19878:C 09 Apr 16:35:24.739 # oO0OoO0OoO0Oo Redis is starting oO0OoO0OoO0Oo
19878:C 09 Apr 16:35:24.739 # Redis version=4.0.10, bits=64, commit=00000000, modified=0, pid=19878, just started
19878:C 09 Apr 16:35:24.739 # Warning: no config file specified, using the default config. In order to specify a config file use redis-server /path/to/redis.conf
19878:M 09 Apr 16:35:24.740 * Increased maximum number of open files to 10032 (it was originally set to 4864).
19878:M 09 Apr 16:35:24.747 * Running mode=standalone, port=6379.
19878:M 09 Apr 16:35:24.747 # Server initialized
19878:M 09 Apr 16:35:24.747 * Ready to accept connections
19878:M 09 Apr 16:38:09.484 * 10000 changes in 60 seconds. Saving...
19878:M 09 Apr 16:38:09.488 * Background saving started by pid 20488
20488:C 09 Apr 16:38:09.522 * DB saved on disk
19878:M 09 Apr 16:38:09.592 * Background saving terminated with success
19878:M 09 Apr 16:43:10.004 * 100 changes in 300 seconds. Saving...
19878:M 09 Apr 16:43:10.005 * Background saving started by pid 21554
21554:C 09 Apr 16:43:10.114 * DB saved on disk
19878:M 09 Apr 16:43:10.214 * Background saving terminated with success
19878:M 09 Apr 16:48:11.072 * 100 changes in 300 seconds. Saving...
19878:M 09 Apr 16:48:11.079 * Background saving started by pid 22645
22645:C 09 Apr 16:48:11.140 * DB saved on disk
19878:M 09 Apr 16:48:11.183 * Background saving terminated with success
19878:M 09 Apr 17:55:30.532 * 1 changes in 3600 seconds. Saving...
19878:M 09 Apr 17:55:30.534 * Background saving started by pid 37574
37574:C 09 Apr 17:55:30.615 * DB saved on disk
19878:M 09 Apr 17:55:30.634 * Background saving terminated with success
19878:M 09 Apr 17:56:31.058 * 10000 changes in 60 seconds. Saving...
19878:M 09 Apr 17:56:31.064 * Background saving started by pid 37808
37808:C 09 Apr 17:56:31.129 * DB saved on disk
19878:M 09 Apr 17:56:31.169 * Background saving terminated with success
19878:M 09 Apr 18:01:32.047 * 100 changes in 300 seconds. Saving...
19878:M 09 Apr 18:01:32.048 * Background saving started by pid 38918
38918:C 09 Apr 18:01:32.129 * DB saved on disk
19878:M 09 Apr 18:01:32.149 * Background saving terminated with success
19878:M 09 Apr 18:10:34.027 * 100 changes in 300 seconds. Saving...
19878:M 09 Apr 18:10:34.028 * Background saving started by pid 40785
40785:C 09 Apr 18:10:34.102 * DB saved on disk
19878:M 09 Apr 18:10:34.128 * Background saving terminated with success
19878:M 09 Apr 18:11:35.023 * 10000 changes in 60 seconds. Saving...
19878:M 09 Apr 18:11:35.026 * Background saving started by pid 41025
41025:C 09 Apr 18:11:35.092 * DB saved on disk
19878:M 09 Apr 18:11:35.131 * Background saving terminated with success
19878:M 09 Apr 18:16:36.035 * 100 changes in 300 seconds. Saving...
19878:M 09 Apr 18:16:36.038 * Background saving started by pid 42100
42100:C 09 Apr 18:16:36.111 * DB saved on disk
19878:M 09 Apr 18:16:36.143 * Background saving terminated with success
19878:signal-handler (1554827845) Received SIGTERM scheduling shutdown...
19878:M 10 Apr 00:37:25.076 # User requested shutdown...
19878:M 10 Apr 00:37:25.076 * Saving the final RDB snapshot before exiting.
19878:M 10 Apr 00:37:25.663 * DB saved on disk
19878:M 10 Apr 00:37:25.663 # Redis is now ready to exit, bye bye...
