6377:C 01 Apr 17:28:58.518 # oO0OoO0OoO0Oo Redis is starting oO0OoO0OoO0Oo
6377:C 01 Apr 17:28:58.519 # Redis version=4.0.10, bits=64, commit=00000000, modified=0, pid=6377, just started
6377:C 01 Apr 17:28:58.519 # Warning: no config file specified, using the default config. In order to specify a config file use redis-server /path/to/redis.conf
6377:M 01 Apr 17:28:58.521 * Increased maximum number of open files to 10032 (it was originally set to 4864).
6377:M 01 Apr 17:28:58.525 * Running mode=standalone, port=6379.
6377:M 01 Apr 17:28:58.525 # Server initialized
6377:M 01 Apr 17:28:58.525 * Ready to accept connections
6377:M 01 Apr 18:09:09.598 * 100 changes in 300 seconds. Saving...
6377:M 01 Apr 18:09:09.602 * Background saving started by pid 15794
15794:C 01 Apr 18:09:09.604 * DB saved on disk
6377:M 01 Apr 18:09:09.702 * Background saving terminated with success
6377:M 01 Apr 18:10:10.048 * 10000 changes in 60 seconds. Saving...
6377:M 01 Apr 18:10:10.049 * Background saving started by pid 16004
16004:C 01 Apr 18:10:10.113 * DB saved on disk
6377:M 01 Apr 18:10:10.153 * Background saving terminated with success
6377:M 01 Apr 18:15:11.030 * 100 changes in 300 seconds. Saving...
6377:M 01 Apr 18:15:11.031 * Background saving started by pid 17171
17171:C 01 Apr 18:15:11.095 * DB saved on disk
6377:M 01 Apr 18:15:11.134 * Background saving terminated with success
6377:M 01 Apr 18:16:37.198 * 10000 changes in 60 seconds. Saving...
6377:M 01 Apr 18:16:37.200 * Background saving started by pid 17496
17496:C 01 Apr 18:16:37.263 * DB saved on disk
6377:M 01 Apr 18:16:37.307 * Background saving terminated with success
6377:M 01 Apr 18:21:38.013 * 100 changes in 300 seconds. Saving...
6377:M 01 Apr 18:21:38.016 * Background saving started by pid 18462
18462:C 01 Apr 18:21:38.077 * DB saved on disk
6377:M 01 Apr 18:21:38.122 * Background saving terminated with success
6377:signal-handler (1554134465) Received SIGTERM scheduling shutdown...
6377:M 02 Apr 00:01:05.366 # User requested shutdown...
6377:M 02 Apr 00:01:05.366 * Saving the final RDB snapshot before exiting.
6377:M 02 Apr 00:01:05.429 * DB saved on disk
6377:M 02 Apr 00:01:05.429 # Redis is now ready to exit, bye bye...
